499
498
497
496
495
494
493
492
491
490
489
488
487
486
485
484
483
482
481
480
479
478
477
476
475
474
473
472
471
470
469
468
467
466
465
464
463
462
461
460
459
458
457
456
455
454
453
452
451
450
449
448
447
446
445
444
443
442
441
440
439
438
437
436
435
434
433
432
431
430
429
428
427
426
425
424
423
422
421
420
419
418
417
416
415
414
413
412
411
410
409
408
407
406
405
404
403
402
401
400
399
398
397
396
395
394
393
392
391
390
389
388
387
386
385
384
383
382
381
380
379
378
377
376
375
374
373
372
371
370
369
368
367
366
365
364
363
362
361
360
359
358
357
356
355
354
353
352
351
350
349
348
347
346
345
344
343
342
341
340
339
338
337
336
335
334
333
332
331
330
329
328
327
326
325
324
323
322
321
320
319
318
317
316
315
314
313
312
311
310
309
308
307
306
305
304
303
302
301
300
299
298
297
296
295
294
293
292
291
290
289
288
287
286
285
284
283
282
281
280
279
278
277
276
275
274
273
272
271
270
269
268
267
266
265
264
263
262
261
260
259
258
257
256
255
254
253
252
251
250
249
248
247
246
245
244
243
242
241
240
239
238
237
236
235
234
233
232
231
230
229
228
227
226
225
224
223
222
221
220
219
218
217
216
215
214
213
212
211
210
209
208
207
206
205
204
203
202
201
200
199
198
197
196
195
194
193
192
191
190
189
188
187
186
185
184
183
182
181
180
179
178
177
176
175
174
173
172
171
170
169
168
167
166
165
164
163
162
161
160
159
158
157
156
155
154
153
152
151
150
149
148
147
146
145
144
143
142
141
140
139
138
137
136
135
134
133
132
131
130
129
128
127
126
125
124
123
122
121
120
119
118
117
116
115
114
113
112
111
110
109
108
107
106
105
104
103
102
101
100
99
98
97
96
95
94
93
92
91
90
89
88
87
86
85
84
83
82
81
80
79
78
77
76
75
74
73
72
71
70
69
68
67
66
65
64
63
62
61
60
59
58
57
56
55
54
53
52
51
50
49
48
47
46
45
44
43
42
41
40
39
38
37
36
35
34
33
32
31
30
29
28
27
26
25
24
23
22
21
20
19
18
17
16
15
14
13
12
11
10
9
8
7
6
5
4
3
2
1
750
813 465
965 0
114 160
263 783
940 306
973 61
863
538
875
146 633
168 806
513 517
807
574
508
122
43
592
14
112
74
100
436
196
254
277
648
78
811
396
235
848
381
708
886
819
778
340
107
463
567
900
596
606
13
485
921
11
298
19
391
908
950
23
216
560
656
843
240
181
22
9
60
239
899
893
75
616
743
142
672
245
210
539
406
446
477
822
50
479
938
243 858
547 131
447 383
897 673
250 47
67 701
847 244
577 335
686 990
492 699
402 53
612 175
426 248
82 79
249 327
101 97
297 902
341 685
698 548
236 523
740 12
622 762
338 85
966
983
35
460
784
754
680
860
642
976
530
520
867
605
516
265
457
154
483
561
70
378
745
451
640
742
712
594
880
639
986
555
433
431
287
211
925
987
87
90
646
92
688
556
526
748
579 449
153 199
894 816
929 675
674 930
40 883
837 94
615 291
726 920
382 535
580 824
2 496
339 668
525 478
917
727
613
18 237
8 773
512 398
582 909
851
212
89
300
369
690
486
913
532
351
357
421
907
480
109
251
663
360
877
767
260
24
125
890
149
232
499
317
576
229
106
644
316
889
736
887
405 660
461 487
703 696
470 134
978
722
694
670 345
271 246
285 104
653 683
259 6
452 868
344 264
996 84
705 355
655
954
312
803
792
296
166
942
504
732
728
963
7
614
127
217
314
4
1
28
604
533
120
456
704
174
148
380
809
304 359
995 879
765 662
716 558
805 904
585 979
941 916
204 432
130 818
931
850
791
771
278
219
924
969
472
313
201
121
270 144
636 946
183 793
99 947
371 365
833 528
817 664
953 590
150 353
835 269
490 810
661 503
797 190
372 54
155 832
769 911
49 223
562 65
206 752
943 280
388 180
772
962
652
5
546
203
21
33
38
739
495 128
32 631
789 630
80 632
458 117
571 910
801 69
891 474
731 945
464 324
26 158
544 681
501 57
553 758
392 102
881 207
895
779
48
110
489
926
629
293
550
139
802
992
641
272
301
488
914
959
826
493
400
261
282
346
540
549
654
865
870
975
982 676
927 218
787
531
559
831
507
430
333
491
319
397
311
164
626
187
669
764
955
741
611
971
651 445
105 455
808 999
866 336
129 46
443 290
459 700
956 608
937 191
888
702
348
439
584
551
575
970
462
707
303
687
692
267
326
320
328
393
859
922
747
678
370
332
416
315
136
17
387
3
389
821
34
812
16
869
514
222
729
746
967 657
227 618
424 252
744 95
494 564
91 318
643 403
62
167
258
274
309
536
682
448
242 534
386 126
444 684
394 583
906
775
441
730
935
733
944
836
936
896
706
638
325
352
519
864
404
362
839
609 595
572 58
511 527
376 587
522 221
960 898
407 934
619 853
957 484
93 185
838 37
885 800
288 466
796 498
273 214
991 753
666 607
169 401
157 782
20 231
695 66
884 788
409 563
720 659
200 749
72 350
751 422
825 980
262 414
854
379
679
693
862 163
188 601
770 295
44 52
581 86
521 71
165 717
718
354
933
356
334
429
506
132
610
790
440
412
347
329
972
275
209
777
194
179
364
473
588
77
849
25
602
719
111
423
756
939
565
734
649
882 598
475 977
993 665
715 628
780
768
145
279
658
176
137 578
88 958
952 918
469 96
625 710
481 689
289 637
617 915
735 620
981 418
173 635
124 711
543 162
529 603
589 985
871 974
147 781
31 949
932 375
872 143
331 750
330 171
840 573
266 798
814 108
55 253
912 226
903 224
195 363
834 390
156 427
795 737
989
723
627
713
855
255
247
671
776
302
367
177
691
408 413
857 64
307 76
928 343
115 373
738
597
874
645
569
515
233
358
509
557
804
829
827
256 876
59 968
948
844
667
497
230
283
349
623
502
830
845
225
305
56
593
281
228
467
541
823
820
997
471 760
794 384
856 198
133 161
697 599
988 454
172 428
437 552
951
570
241
425
377
374
205
766
135
208
73
299
186
709 828
846 385
482 545
415 634
119 395
438 182
410 961
524 542
51 399
721 234
841 763
118 518
537 759
10 322
321 366
238 337
873 138
434 510
15 624
714 566
984 123
257 586
419 568
30 310
774 892
815
964
591
323
923
994
193
159
500
647
442
141
842
294
103
286
411
905
63
505
113
39
342
29
41
757
220
98
140
308
368 116
215 901
68 600
151 919
420
435
677
268
170
284
42
276
785
554
292
213
621
197
755
184
786
83
45
725
81
450
878
852
178
192
189
724
468
202
453
799
361
650
761
998
861 476
27 36
417 152
